[    000000] Linu vrsion 4.1.0-46-enric (buildd@lgw01-amd64-038) cc version 7.3.0 (Ubtu 7.3.016ubuntu3)) 49Ubuntu SP ed F 6 09:3:7 UT2019 (Ubtu 4.15.0-6.49generic .1.18)
[    0.000000] Command line: BOOT_IMAGE=/boot/vmlinuz-4.15.0-46-generic root=LABEL=cloudimg-rootfs ro cosoe=tty1 consoe=ttyS0
[    0.000000] KERNEL supported cpus:
[    0.000000]   Intel GenuineIntel
[    0.000000]   AMD AuthenticAMD
[    0.000000]   Centaur CentaurHauls
[    0.000000] x86/fpu: Supporting XSAVE feature 0x001: 'x87 floating point registers'
[    0.000000] x86/fpu: Suppoting XSAVE feature 0x002: 'SSE registers'
[    0.000000] x86/fpu: Supporting XSAVE feature 0x004: 'AVX registers'
[    0.000000] x86/fpu: xstate_offset[2]:  576, xstate_sizes[2]:  256
[    0.000000] x86/fpu: Enabled xstate features 0x7, context size is 832 bytes, using 'standard' format.
[    0.000000] e820: BIOS-provided physical RAM map:
[    0.000000] BIOS-e820: [mem 0x0000000000000000-0x000000000009fbff] usable
[    0.000000] BIOS-e820: [mem 0x000000000009fc00-0x00000000000ffff] reserved
[    0.000000] BIOS-e820: [mem 0x00000000000f0000-0x00000000000fffff] reserved
[    0.000000] BIOS-e820: [me 00000000000100000-0x000000003ffeffff] usle
[    0.00000] BIS-e820:[mem 0x000000003fff0000-0x0000003fffffff] ACPI data
[    0.000000] BIOS-e820: [mem 0x00000000fec00000-0x00000000fec00fff] reserved
[    .000000] BIOS-e820: [mem 0x00000000fee00000x0000000fe00fff] reserve
    0.000000 BOS-e20: mem 0x0000000ffc0000-0x00000000ffffffff] reserved
[    0.0000] NX (Execute Disable) protection: active
[    0.00000] SMBIOS 2.5 present.
[  0.000000] DMI: innotek GmbH VirtualBox/VirtualBox, BIOS VirualBox 12/01/2006
[    0.000000] Hypervsor deected: KVM
[    0.000000] e820: last_pfn = 0x3fff0 max_arch_pfn = 0400000000
[    0.000000] MTRR: Disabled
[    0.000000] x86/PAT: MTRRs disabled, skipping PAT initialization too.
[    0.000000] CPUTRRs all blank - virtualized system.
[    0.000000] x86/PAT: Configuration [0-7]: WB  WT  UC- UCC  WB  WT  UC- UC  
[    0.000000] found SMP MP-table at [mem 0x0009fff0-0x0009ffff] mapped at [        (ptrval)]
[    0.000000] Scanning 1 areas for low memory corruption
[    0.000000] RAMDISK: [mem 0x359c7000-0x36cdafff]
[    0.000000] ACPI: Early table checksum verification disabled
[    0.000000] ACPI: RSDP 0x00000000000E0000 000024 (v02 VBOX  )
[    0.000000] ACPI: XSDT 0x000000003FFF0030 00003C (v01 VBOX   OXXST 0000001 ASL  00000061)
[    0.000000] ACPI: FACP 0x000000003FFF00F0 0000F4 (v04 VBOX   VBOXFAC 0000001 ASL  00000061)
[    0.000000] ACPI:DSDT 0x000000003FFF0470 0021FF (v02 VBOX   VBOXBIOS 0000002 INTL 010052)
[   0.00000] ACPI: FACS 0x000000003FFF020 000040
[    0.000000] ACPI: FACS 0x000000003FFF0200 000040
[    0.000000] ACPI: APIC 0x000000003FFF0240 00005C (v02 VBOX   VBOXAPIC 00000001 ASL  00000061)
[    0.000000] ACPI: SSDT 0x000000003FFF02A0 0001CC (v01 VBOX   VBOXCPUT 00000002 INT 20100528)
[    0.000000] No NUMA configuration found
[    0.000000] Faking a node  [mem 0x0000000000000000-0x0000003ffefff]
[    0.000000] NODE_DATA(0) allocated [mem 0x3f5000-0x3feffff]
[    0.000000] kvm-clock: cpu 0, msr 0:3ff44001, primary cpu clock
[    0.000000] kvm-clock Usinmsrs 4b564d01 and 4b564d00
[    0.000000] kvm-clock: using sched offset of 4558600448 cycles
[    0.000000] clocksource: vm-clock: mask: 0xfffffffffffffffff max_cycls: 0x1cd42e4dffb, max_idle_ns: 88159059483 ns
[    0.000000] Zone ranges:
[    0.000000]   DMA      [mem 0x0000000000001000-0x0000000000ffffff]
[    0.000000]   DMA32    [mem 0x0000000001000000-0x000000003ffeffff]
[    0.000000]   Normal   empty
[    0.000000]   Device   empty
[    0.000000] Movable zone start for each node
[    0.000000] Early memory node ranges
[    0.000000]   node   0: [mem 0x0000000000001000-0x000000000009efff]
[    0.000000]   node   0: [mem 0x0000000000100000-0x000000003ffeffff]
[    0.000000] Reserved but unavailable: 114 pages
[    0.000000] Initmem setup node 0 [mem 0x0000000000001000-0x000000003ffeffff]
[    0.000000] ACPI: PM-Timer IO Port: 0x4008
[    0.000000] IOAPIC[0]: apic_id 2, version 3, addres 0fec0000,GSI 0-23
[    0.000000 ACPI: INT_SRC_OVR (bus 0 bus_irq 0 global_irq 2 dfl dfl)
[    0.000000] ACPI: INT_SRC_OVR (bus 0 bus_irq 9 global_irq 9 low level)
[    0.000000] Using ACPI (MADT) for SMP configuration information
[    0.000000] smpboot: Allowing 2 CPUs, 0 hotplug CPUs
[    0.000000] PM: Registered nosave memory: [mem 0x00000000-0x00000fff]
[    0.000000] PM: Registered nosave memory: [mem 0x0009f000-0x0009ffff]
[    0.000000] PM: Registered nosave memory: [mem 0x000a0000-0x000effff]
[    0.000000] PM: Registered nosave memory: [mem 0x000f0000-0x000fffff]
[    0.000000] e820: [mem 0x40000000-0xfebfffff] available for PCI devices
[    0.000000] Booting paravirtualized kernel on KVM
[    0.000000] clocksource: refined-jiffies: mask: 0xffffffff max_cycles: 0xffffffff, max_idle_ns: 7645519600211568 ns
[    0.000000] random: get_random_bytes called from start_kernel+0x99/0x4fd with crng_init=0
[    0.000000] setup_ercp: NR_CPUS:8192 nr_cpumask_bits:2 nr_cpu_ids:2 nr_node_ids:1
[    0.000000] percpu: Embedded 4 pages/cpu @        (ptrval) s151552 r8192 d2867 u1048576
[    0.00000] PV qspinlock hah table eries: 256 (order: 0, 4096 bytes)
[    0.000000] Built 1 zonelists, mobility grouping on.  Totalpaes: 7913
[    0.00000] Policy zne: DMA32
[    0.000000] Kernel command ine: BOOT_IMAGE=/boot/vmlinuz-4.15.0-46-generic root=LABEL=cloudimg-rootfs ro console=tty1 console=ttyS0
[    0.000000] Memory: 983048K/1048120K available (12300K kernel code, 2473K rwdata, 4252K rodata, 2408K init, 2416K bss, 6072K reserved, 0 cm-reserved)
[    0.000000] SLUB: HWalign=64, Order=0-3, inbjects=0, Cs=2, Nodes=1
[    0.000000] ernel/Uer page tables isolation: enabled
[    0.000000] ftrace: allocating 39198 entries in 154 pages
[    0.004000] Hierarchical RCU implementation.
[    0.004000] 	RCU restricting CPUs from NR_CPUS=8192 to nr_cpu_ids=2.
[    0.004000] 	Tasks RCU enabled.
[    0.004000] RCU: Adjusting geometry for rcu_fanout_leaf=16, nr_cpu_ids=2
[    0.004000] NR_IRQS: 524544, nr_irqs: 440, preallocated irqs: 16
[    0.004000] Console: colour VGA+ 80x25
[    0.004000] console [tty1] enabled
[    0.004000] console [ttyS0] enabled
[    0.004000] ACPI: Core revision 20170831
[    0.004000] ACPI: 2 ACPI AML tables successfully acquired and loaded
[    0.004000] APIC: Switch to symmetric I/O mode setup
[    0.004000] x2apic enabled
[    0.004000] Switched APIC routing to physical x2apic.
[    0.005072] ..TIMER: vector=0x30 apic1=0 pin1=2 apic2=-1 pin2=-1
[    0.008002] tsc: Detected 2591.998 MHz processor
[    0.012011] Calibrating delay loop (skipped) preset value.. 5183.99 BogoMIPS (lpj=10367992)
[    0.016003] pid_max: default: 32768 minimum: 301
[    0.017373] Security Framework initialized
[    0.020002] Yama: becoming mindful.
[    0.021023] AppArmor: AppArmor initialized
[    0.023711] Dentry cache hash table entries: 131072 (order: 8, 1048576 bytes)
[    0.024057] Inode-cache hash table entries: 65536 (order: 7, 524288 bytes)
[    0.028028] Mount-cache hash table entries: 2048 (order: 2, 16384 bytes)
[    0.032017] Mountpoint-cache hash table entries: 2048 (order: 2, 16384 bytes)
[    0.036283] mce: CPU supports 0 MCE banks
[    0.040023] Last level iTLB entries: 4KB 64, 2MB 8, 4MB 8
[    0.044007] Last level dTLB entries: 4KB 64, 2MB 0, 4MB 0, 1GB 4
[    0.048007] Spectre V2 : Mitigation: Full generic retpoline
[    0.052008] Spectre V2 : Spectre v2 / SpectreRSB mitigation: Filling RSB on context switch
[    0.056009] Speculative Store Bypass: Vulnerable
[    0.057944] Freeing SMP alternatives memory: 36K
[    0.064000] smpboot: CPU0: Intel(R) Core(TM) i7-6700HQ CPU @ 2.60GHz (family: 0x6, model: 0x5e, stepping: 0x3)
[    0.064090] Performance Events: unsupported p6 CPU model 94 no PMU driver, software events only.
[    0.068060] Hierarchical SRCU implementation.
[    0.072600] NMI watchdog: Perf event create on CPU 0 failed with -2
[    0.076007] NMI watchdog: Perf NMI watchdog permanently disabled
[    0.080072] smp: Bringing up secondary CPUs ...
[    0.084180] x86: Booting SMP configuration:
[    0.088009] .... node  #0, CPUs:      #1
[    0.004000] kvm-clock: cpu 1, msr 0:3ff44041, secondary cpu clock
[    0.004000] mce: CPU supports 0 MCE banks
[    0.104052] smp: Brought up 1 node, 2 CPUs
[    0.108012] smpboot: Max logical packages: 1
[    0.112013] smpboot: Total of 2 processors activated (10367.99 BogoMIPS)
[    0.116153] devtmpfs: initialized
[    0.120071] x86/mm: Memory block size: 128MB
[    0.124184] evm: security.selinux
[    0.128010] evm: security.SMACK64
[    0.132009] evm: security.SMACK64EXEC
[    0.136007] evm: security.SMACK64TRANSMUTE
[    0.140003] evm: security.SMACK64MMAP
[    0.144006] evm: security.apparmor
[    0.145175] evm: security.ima
[    0.148006] evm: security.capability
[    0.152190] clocksource: jiffies: mask: 0xffffffff max_cycles: 0xffffffff, max_idle_ns: 7645041785100000 ns
[    0.156026] futex hash table entries: 512 (order: 3, 32768 bytes)
[    0.160073] pinctrl core: initialized pinctrl subsystem
[    0.164123] RTC time:  7:04:42, date: 03/20/19
[    0.168177] NET: Registered protocol family 16
[    0.169674] audit: initializing netlink subsys (disabled)
[    0.172037] audit: type=2000 audit(1553065482.393:1): state=initialized audit_enabled=0 res=1
[    0.172142] cpuidle: using governor ladder
[    0.176008] cpuidle: using governor menu
[    0.177344] ACPI: bus type PCI registered
[    0.178650] acpiphp: ACPI Hot Plug PCI Controller Driver version: 0.5
[    0.180213] PCI: Using configuration type 1 for base access
[    0.184072] HugeTLB registered 2.00 MiB page size, pre-allocated 0 pages
[    0.186164] ACPI: Added _OSI(Module Device)
[    0.188004] ACPI: Added _OSI(Processor Device)
[    0.189851] ACPI: Added _OSI(3.0 _SCP Extensions)
[    0.192008] ACPI: Added _OSI(Processor Aggregator Device)
[    0.194117] ACPI: Added _OSI(Linux-Dell-Video)
[    0.196008] ACPI: Added _OSI(Linux-Lenovo-NV-HDMI-Audio)
[    0.197989] ACPI: Added _OSI(Linux-HPI-Hybrid-Graphics)
[    0.200774] ACPI: Executed 1 blocks of module-level executable AML code
[    0.209279] ACPI: Interpreter enabled
[    0.212024] ACPI: (supports S0 S5)
[    0.216008] ACPI: Using IOAPIC for interrupt routing
[    0.220258] PCI: Using host bridge windows from ACPI; if necessary, use "pci=nocrs" and report a bug
[    0.224349] ACPI: Enabled 2 GPEs in block 00 to 07
[    0.235514] ACPI: PCI Root Bridge [PCI0] (domain 0000 [bus 00-ff])
[    0.236021] acpi PNP0A03:00: _OSC: OS supports [ASPM ClockPM Segments MSI]
[    0.240053] acpi PNP0A03:00: _OSC: not requesting OS control; OS requires [ExtendedConfig ASPM ClockPM MSI]
[    0.244027] acpi PNP0A03:00: fail to add MMCONFIG information, can't access extended PCI configuration space under this bridge.
[    0.248601] PCI host bridge to bus 0000:00
[    0.252011] pci_bus 0000:00: root bus resource [io  0x0000-0x0cf7 window]
[    0.256013] pci_bus 0000:00: root bus resource [io  0x0d00-0xffff window]
[    0.260012] pci_bus 0000:00: root bus resource [mem 0x000a0000-0x000bffff window]
[    0.264012] pci_bus 0000:00: root bus resource [mem 0x40000000-0xfdffffff window]
[    0.268010] pci_bus 0000:00: root bus resource [bus 00-ff]
[    0.276542] pci 0000:00:01.1: legacy IDE quirk: reg 0x10: [io  0x01f0-0x01f7]
[    0.280009] pci 0000:00:01.1: legacy IDE quirk: reg 0x14: [io  0x03f6]
[    0.284009] pci 0000:00:01.1: legacy IDE quirk: reg 0x18: [io  0x0170-0x0177]
[    0.288010] pci 0000:00:01.1: legacy IDE quirk: reg 0x1c: [io  0x0376]
[    0.314408] pci 0000:00:07.0: quirk: [io  0x4000-0x403f] claimed by PIIX4 ACPI
[    0.316036] pci 0000:00:07.0: quirk: [io  0x4100-0x410f] claimed by PIIX4 SMB
[    0.335406] ACPI: PCI Interrupt Link [LNKA] (IRQs 5 9 10 *11)
[    0.336385] ACPI: PCI Interrupt Link [LNKB] (IRQs 5 9 *10 11)
[    0.340206] ACPI: PCI Interrupt Link [LNKC] (IRQs 5 *9 10 11)
[    0.344255] ACPI: PCI Interrupt Link [LNKD] (IRQs 5 9 10 *11)
[    0.348463] SCSI subsystem initialized
[    0.352075] pci 0000:00:02.0: vgaarb: setting as boot VGA device
[    0.356000] pci 0000:00:02.0: vgaarb: VGA device added: decodes=io+mem,owns=io+mem,locks=none
[    0.356012] pci 0000:00:02.0: vgaarb: bridge control possible
[    0.360007] vgaarb: loaded
[    0.364057] ACPI: bus type USB registered
[    0.368048] usbcore: registered new interface driver usbfs
[    0.372031] usbcore: registered new interface driver hub
[    0.376048] usbcore: registered new device driver usb
[    0.377885] EDAC MC: Ver: 3.0.0
[    0.380378] PCI: Using ACPI for IRQ routing
[    0.384502] NetLabel: Initializing
[    0.388006] NetLabel:  domain hash size = 128
[    0.392006] NetLabel:  protocols = UNLABELED CIPSOv4 CALIPSO
[    0.396034] NetLabel:  unlabeled traffic allowed by default
[    0.400155] clocksource: Switched to clocksource kvm-clock
[    0.447569] VFS: Disk quotas dquot_6.6.0
[    0.449571] VFS: Dquot-ace hash table entries: 512 (order 0, 4096 bytes)
[    0.502245] AppArmor: AppArmor Filesystem Enabled
[    0.503878] pnp: PnP ACPI init
[    0.506600] pnp: PnP ACPI: found 3 devices

[    0.522183] clocksource: acpi_pm: mask: 0xffffff max_cycles: 0xffffff, max_idle_ns: 2085701024 ns
[    0.525400] NET: Registered protocol family 2
[    0.528785] TCP established hash table entries: 8192 (order: 4, 65536 bytes)
[    0.531498] TCP bind hash table entries: 8192 (order: 5, 131072 bytes)
[    0.533921] TCP: Hash tables configured (established 8192 bind 8192)
[    0.536426] UDP hash table entries: 512 (order: 2, 16384 bytes)
[    0.538793] UDP-Lite hash table entries: 512 (order: 2, 16384 bytes
[   .5821]NE: gistered protocol family 1
[   .75542] pci 0000:00:00.0: Limiting direct PCI/PCI transfers
[    0.831475] pci 0000:0:01.0: Activating ISA DMA hang workarounds
[   0.85801] pci 0000:00:02.0: Video decewith shadowed ROM at [m 0x000000-0x000dffff]
[    1.070428] Unpacking initramfs...
[    1.397355] Freeing initrd memory: 19536K
[    1.414978] platform rtc_cmos: registered platform RTC device (no PNP device found)
[    1.542434] Scanning for low memory corruption every 60 seconds
[    1.643886] Initialise system trusted keyrings
[    1.646005] Key type blacklist registered
[    1.648117] workingset: timestamp_bits=36 max_order=18 bucket_order=0
[    1.652044] zbud: loaded
[    1.653993] squashfs: version 4.0 (2009/01/31) Phillip Lougher
[    1.665240] fuse init (API version 7.26)
[    1.672205] Key type asymmetric registered
[    1.673812] Asymmetric key parser 'x509' registered
[    1.677241] Block layer SCSI generic (bsg) driver version 0.4 loaded (major 246)
[    1.681615] io scheduler noop registered
[    1.683224] io scheduler deadline registered
[    1.698337] io scheduler cfq registered (default)
[    1.809039] ACPI: AC Adapter [AC] (on-line)
[    1.869372] input: Power Button as /devices/LNXSYSTM:00/LNXPWRBN:00/input/input0
[    1.902650] ACPI: Power Button [PWRF]
[    1.986210] input: Sleep Button as /devices/LNXSYSTM:00/LNXSLPBN:00/input/input1
[    2.050949] ACPI: Sleep Button [SLPF]
[    2.053135] Serial: 8250/16550 driver, 32 ports, IRQ sharing enabled
[    2.054909] ACPI: Batey otBA0] (attery present)
[    2.323305] 00:02: ttyS0 at I/O 0x3f8 (irq = 4,ase_ud= 115200) is a 16550A
[   2.450443] tsc: Refined TSC clockurce calibration: 2592.186 MHz

[    2.523699] clocksource: tsc: mask: 0xffffffffffffffff max_cycles: 0x255d66aa627, max_idle_ns: 440795335869 ns
[    2.535365] Linux agpgart interface v0.103
[    2.541977] loop: module loaded
[    2.554328] scsi host0: ata_piix
[    2.557479] scsi host1: ata_piix
[    2.585178] ata1: PATA max UDMA/33 cmd 0x1f0 ctl 0x3f6 bmdma 0xd000 irq 14
[    2.699646] ata2: PATA max UDMA/33 cmd 0x170 ctl 0x376 bmdma 0xd008 irq 15
[    2.728748] libphy: Fixed MDIO Bus: probed
[    2.732524] tun: Universal TUN/TAP device driver, 1.6
[    2.735098] PPP generic driver version 2.4.2
[    2.738588] ehci_hcd: USB 2.0 'Enhanced' Host Controller (EHCI) Driver
[    2.742570] ehci-pci: EHCI PCI platform driver
[    2.744592] ehci-platform: EHCI generic platform driver
[    2.748545] ohci_hcd: USB 1.1 'Open' Host Controller (OHCI) Driver
[    2.752196] ohci-pci: OHCI PCI platform driver
[    2.754292] ohci-platform: OHCI generic platform driver
[    2.756529] uhci_hcd: USB Universal Host Controller Interface driver
[    2.761121] i8042: PNP: PS/2 Controller [PNP0303:PS2K,PNP0f03:PS2M] at 0x60,0x64 irq 1,12
[    2.765032] serio: i8042 KBD port at 0x60,0x64 irq 1
[    2.767157] serio: i8042 AUX port at 0x60,0x64 irq 12
[    2.771288] mousedev: PS/2 mouse device common for all mice
[    2.773813] input: AT Translated Set 2 keyboard as /devices/platform/i8042/serio0/input/input2
[    2.777472] rtc_cmos rtc_cmos: rtc core: registered rtc_cmos as rtc0
[    2.779910] rtc_cmos rtc_cmos: alarms up to one day, 114 bytes nvram
[    2.782416] i2c /dev entries driver
[    2.783911] pcie_mp2_amd: AMD(R) PCI-E MP2 Communication Driver Version: 1.0
[    2.788371] device-mapper: uevent: version 1.0.3
[    2.790380] device-mapper: ioctl: 4.37.0-ioctl (2017-09-20) initialised: dm-devel@redhat.com
[    2.793563] ledtrig-cpu: registered to indicate activity on CPUs
[    2.797900] NET: Registered protocol family 10
[    2.811652] Segment Routing with IPv6
[    2.818781] NET: Registered protocol family 17
[    2.978878] Key type dns_resolver registered
[    3.019606] RAS: Correctable Errors collector initialized.
[    3.021476] sched_clock: Marking stable (3021439569, 0)->(9148068831, -6126629262)
[    3.025520] registered taskstats version 1
[    3.086373] Loading compiled-in X.509 certificates
[    3.101445] Loaded X.509 cert 'Build time autogenerated kernel key: b873a790e41754b50f7dbae45b6bd46229c3c73f'
[    3.158208] zswap: loaded using pool lzo/zbud
[    3.224331] Key type big_key registered
[    3.263724] Key type trusted registered
[    3.331159] Key type encrypted registered
[    3.358762] AppArmor: AppArmor sha1 policy hashing enabled
[    3.376117] ima: No TPM chip found, activating TPM-bypass! (rc=-19)
[    3.417563] ima: Allocated hash algorithm: sha1
[    3.438922] evm: HMAC attrs: 0x1
[    3.443402]   Magic number: 11:736:66
[    3.469455] rtc_cmos rtc_cmos: setting system clock to 2019-03-20 07:04:46 UTC (1553065486)
[    3.509346] BIOS EDD facility v0.16 2004-Jun-25, 0 devices found
[    3.520096] EDD information not available.
[    3.543654] Freeing unused kernel memory: 2408K
[    3.632127] Write protecting the kernel read-only data: 20480k
[    3.654333] Freeing unused kernel memory: 2008K
[    3.661273] Freeing unused kernel memory: 1892K
[    3.703258] x86/mm: Checked W+X mappings: passed, no W+X pages found.
[    3.763915] x86/mm: Checking user space page tables
[    3.789938] x86/mm: Checked W+X mappings: passed, no W+X pages found.
Loading, please wait...
starting version 237
[    3.890675] Fusion MPT base driver 3.04.20
[    3.892994] Copyright (c) 1999-2008 LSI Corporation
[    3.903749] e1000: Intel(R) PRO/1000 Network Driver - version 7.3.21-k8-NAPI
[    3.906793] e1000: Copyright (c) 1999-2006 Intel Corporation.
[    3.918744] AVX2 version of gcm_enc/dec engaged.
[    3.927234] AES CTR mode by8 optimization enabled
[    3.954516] Fusion MPT SPI Host driver 3.04.20
[    3.977175] vboxvideo: loading out-of-tree module taints kernel.
[    4.073639] vboxvideo: module verification failed: signature and/or required key missing - tainting kernel
[    4.153823] input: ImExPS/2 Generic Explorer Mouse as /devices/platform/i8042/serio1/input/input4
[    4.434951] e1000 0000:00:03.0 eth0: (PCI:33MHz:32-bit) 02:c5:de:4e:7c:a4
[    4.524524] e1000 0000:00:03.0 eth0: Intel(R) PRO/1000 Network Connection
[    4.528787] mptbase: ioc0: Initiating bringup
[    4.624645] ioc0: LSI53C1030 A0: Capabilities={Initiator}
[    4.931396] scsi host2: ioc0: LSI53C1030 A0, FwRev=00000000h, Ports=1, MaxQ=256, IRQ=20
[    5.112532] scsi 2:0:0:0: Direct-Access     VBOX     HARDDISK         1.0  PQ: 0 ANSI: 5
[    5.112970] [drm] VRAM 01000000
[    5.118252] [TTM] Zone  kernel: Available graphics memory: 504464 kiB
[    5.120613] [TTM] Initializing pool allocator
[    5.122028] [TTM] Initializing DMA pool allocator
[    5.125253] fbcon: vboxdrmfb (fb0) is primary device
[    5.126827] Console: switching to colour frame buffer device 100x37
[    5.357322] vboxvideo 0000:00:02.0: fb0: vboxdrmfb frame buffer device
[    5.508536] scsi target2:0:0: Beginning Domain Validation
[    5.600116] [drm] Initialized vboxvideo 1.0.0 20130823 for 0000:00:02.0 on minor 0
[    5.601162] scsi target2:0:0: Domain Validation skipping write tests
[    5.601163] scsi target2:0:0: Ending Domain Validation
[    5.601266] scsi target2:0:0: asynchronous
[    5.601686] scsi 2:0:1:0: Direct-Access     VBOX     HARDDISK         1.0  PQ: 0 ANSI: 5
[    5.708173] scsi target2:0:1: Beginning Domain Validation
[    5.722176] random: fast init done
[    5.723954] scsi target2:0:1: Domain Validation skipping write tests
[    5.726081] scsi target2:0:1: Ending Domain Validation
[    5.727816] scsi target2:0:1: asynchronous
[    5.737999] random: systemd-udevd: uninitialized urandom read (16 bytes read)
[    5.741490] random: systemd-udevd: uninitialized urandom read (16 bytes read)
[    5.749042] random: systemd-udevd: uninitialized urandom read (16 bytes read)
[    5.757196] sd 2:0:0:0: Attached scsi generic sg0 type 0
[    5.760759] sd 2:0:1:0: Attached scsi generic sg1 type 0
[    5.768156] sd 2:0:1:0: [sdb] 20480 512-byte logical blocks: (10.5 MB/10.0 MiB)
[    5.771118] sd 2:0:1:0: [sdb] Write Protect is off
[    5.771613] sd 2:0:0:0: [sda] 20971520 512-byte logical blocks: (10.7 GB/10.0 GiB)
[    5.777533] sd 2:0:0:0: [sda] Write Protect is off
[    5.792481] sd 2:0:1:0: [sdb] Incomplete mode parameter data
[    5.794915] sd 2:0:1:0: [sdb] Assuming drive cache: write through
[    5.799694] sd 2:0:0:0: [sda] Incomplete mode parameter data
[    5.799695] sd 2:0:0:0: [sda] Assuming drive cache: write through
[    5.885847] sd 2:0:1:0: [sdb] Attached SCSI disk
[    5.889435]  sda: sda1
[    5.892974] sd 2:0:0:0: [sda] Attached SCSI disk
[    6.149001] e1000 0000:00:08.0 eth1: (PCI:33MHz:32-bit) 08:00:27:4f:b9:fa
[    6.308506] e1000 0000:00:08.0 eth1: Intel(R) PRO/1000 Network Connection
[    6.338656] e1000 0000:00:08.0 enp0s8: renamed from eth1
[    6.356422] e1000 0000:00:03.0 enp0s3: renamed from eth0
Begin: Loading essential drivers ... [    6.556303] raid6: sse2x1   gen() 10431 MB/s
[    6.620553] raid6: sse2x1   xor()  7149 MB/s
[    6.700182] raid6: sse2x2   gen() 11086 MB/s
[    6.764522] raid6: sse2x2   xor()  7760 MB/s
[    6.828312] raid6: sse2x4   gen() 14526 MB/s
[    6.912033] raid6: sse2x4   xor()  8724 MB/s
[    6.964319] raid6: avx2x1   gen() 18617 MB/s
[    7.028192] raid6: avx2x1   xor() 13266 MB/s
[    7.096068] raid6: avx2x2   gen() 25023 MB/s
[    7.144621] raid6: avx2x2   xor() 15754 MB/s
[    7.200154] raid6: avx2x4   gen() 23692 MB/s
[    7.248512] raid6: avx2x4   xor() 16022 MB/s
[    7.254024] raid6: using algorithm avx2x2 gen() 25023 MB/s
[    7.280075] raid6: .... xor() 15754 MB/s, rmw enabled
[    7.339814] raid6: using avx2x2 recovery algorithm
[    7.399995] xor: automatically using best checksumming function   avx       
[    7.437195] async_tx: api initialized (async)
done.
Begin: Running /scripts/init-premount ... done.
Begin: Mounting root file system ... Begin: Running /scripts/local-top ... done.
Begin: Running /scripts/local[    7.498715] Btrfs loaded, crc32c=crc32c-intel
-premount ... Scanning for Btrfs filesystems
done.
Warning: fsck not present, so sk[    7.555868] EXT4-fs (sda1): mounted filesystem with ordered data mode. Opts: (null)
ipping root file system
done.
Begin: Running /scripts/local-bottom ... done.
Begin: Running /scripts/init-bottom ... done.
[    7.878129] ip_tables: (C) 2000-2006 Netfilter Core Team
[    8.004969] systemd[1]: systemd 237 running in system mode. (+PAM +AUDIT +SELINUX +IMA +APPARMOR +SMACK +SYSVINIT +UTMP +LIBCRYPTSETUP +GCRYPT +GNUTLS +ACL +XZ +LZ4 +SECCOMP +BLKID +ELFUTILS +KMOD -IDN2 +IDN -PCRE2 default-hierarchy=hybrid)
[    8.166675] systemd[1]: Detected virtualization oracle.
[    8.169666] systemd[1]: Detected architecture x86-64.

Welcome to [1mUbuntu 18.04.2 LTS[0m!

[    8.213712] systemd[1]: Set hostname to <ubuntu-bionic>.
[    8.599925] systemd[1]: Created slice User and Session Slice.
[[0;32m  OK  [0m] Created slice User and Session Slice.
[    8.744636] systemd[1]: Started Forward Password Requests to Wall Directory Watch.
[[0;32m  OK  [0m] Started Forward Password Requests to Wall Directory Watch.
[    8.807793] systemd[1]: Created slice System Slice.
[[0;32m  OK  [0m] Created slice System Slice.
[    8.848502] systemd[1]: Created slice system-serial\x2dgetty.slice.
[[0;32m  OK  [0m] Created slice system-serial\x2dgetty.slice.
[    8.880442] systemd[1]: Listening on Device-mapper event daemon FIFOs.
[[0;32m  OK  [0m] Listening on Device-mapper event daemon FIFOs.
[    8.922183] systemd[1]: Listening on LVM2 poll daemon socket.
[[0;32m  OK  [0m] Listening on LVM2 poll daemon socket.
[[0;32m  OK  [0m] Listening on udev Kernel Socket.
[[0;32m  OK  [0m] Listening on Network Service Netlink Socket.
[[0;32m  OK  [0m] Listening on udev Control Socket.
[[0;32m  OK  [0m] Reached target Slices.
[[0;32m  OK  [0m] Listening on Journal Socket.
         Starting Uncomplicated firewall...
         Starting Load Kernel Modules...[    9.020065] Loading iSCSI transport class v2.0-870.

         Starting udev Coldplug all Devices...
[[0;32m  OK  [[    9.069041] iscsi: registered transport (tcp)
0m] Reached target User and Group Name Lookups.[    9.199908] iscsi: registered transport (iser)

[[0;32m  OK  [0m] Listening on /dev/initctl Compatibility Named Pipe.
         Mounting POSIX Message Queue File System...
[[0;32m  OK  [0m] Set up automount Arbitrary Executab…rmats File System Automount Point.
         Mounting Huge Pages File System...
[[0;32m  OK  [0m] Listening on Journal Audit Socket.
[[0;32m  OK  [0m] Listening on LVM2 metadata daemon socket.
         Starting Monitoring of LVM2 mirrors…ng dmeventd or progress polling...
         Starting Create list of required st…ce nodes for the current kernel...
[[0;32m  OK  [0m] Listening on Journal Socket (/dev/log).
         Starting Remount Root and Kernel File Systems...
         Mounting Kernel Debug File System...
[[0;32m  OK  [0m] Reached target System Time Synchronized.
[[0;32m  OK  [0m] Reached target Swap.
[    9.429639] EXT4-fs (sda1): re-mounted. Opts: (null)
         Starting Set the console keyboard layout...
[[0;32m  OK  [0m] Listening on Syslog Socket.
         Starting Journal Service...
[[0;32m  OK  [0m] Started Uncomplicated firewall.
[[0;32m  OK  [0m] Started Load Kernel Modules.
[[0;32m  OK  [0m] Mounted POSIX Message Queue File System.
[[0;32m  OK  [0m] Mounted Huge Pages File System.
[[0;32m  OK  [0m] Started Create list of required sta…vice nodes for the current kernel.
[[0;32m  OK  [0m] Started Remount Root and Kernel File Systems.
[[0;32m  OK  [0m] Mounted Kernel Debug File System.
[[0;32m  OK  [0m] Started LVM2 metadata daemon.
         Starting Initial cloud-init job (pre-networking)[    9.538850] random: crng init done
...
[    9.599626] random: 7 urandom warning(s) missed due to ratelimiting
         Starting Load/Save Random Seed...
         Starting Create Static Device Nodes in /dev...
         Mounting FUSE Control File System...
         Mounting Kernel Configuration File System...
         Starting Apply Kernel Variables...
[[0;32m  OK  [0m] Started Journal Service.
[[0;32m  OK  [0m] Started Monitoring of LVM2 mirrors,…sing dmeventd or progress polling.
[[0;32m  OK  [0m] Started udev Coldplug all Devices.
[[0;32m  OK  [0m] Started Set the console keyboard layout.
[[0;32m  OK  [0m] Started Load/Save Random Seed.
[[0;32m  OK  [0m] Started Create Static Device Nodes in /dev.
[[0;32m  OK  [0m] Mounted FUSE Control File System.
[[0;32m  OK  [0m] Mounted Kernel Configuration File System.
         Starting udev Kernel Device Manager...
[[0;32m  OK  [0m] Reached target Local File Systems (Pre).
[[0;32m  OK  [0m] Reached target Local File Systems.
         Starting Set console font and keymap...
         Starting Tell Plymouth To Write Out Runtime Data...
         Starting AppArmor initialization...
         Starting ebtables ruleset management...
         Starting Flush Journal to Persistent Storage...
[[0;32m  OK  [0m] Started udev Kernel Device Manager.
[[0;32m  OK  [0m] Started Dispatch Password Requests to Console Directory Watch.
[[0;32m  OK  [0m] Reached target Local Encrypted Volumes.
[[0;32m  OK  [0m] Started Set console font and keymap.
[[0;32m  OK  [0m] Started Apply Kernel Variables.
[[0;32m  OK  [0m] Started Tell Plymouth To Write Out Runtime Data.
[[0;32m  OK  [0m] Found device /dev/ttyS0.
[[0;32m  OK  [0m] Started ebtables ruleset management.
[[0;32m  OK  [0m] Listening on Load/Save RF Kill Switch Status /dev/rfkill Watch.
[[0;32m  OK  [0m] Started Flush Journal to Persistent Storage.
         Starting Create Volatile Files and Directories...
[[0;32m  OK  [0m] Started Create Volatile Files and Directories.
         Starting Update UTMP about System Boot/Shutdown...
[[0;32m  OK  [0m] Started Update UTMP about System Boot/Shutdown.
[[0;32m  OK  [0m] Started AppArmor initialization.
[   11.227465] cloud-init[410]: Cloud-init v. 18.5-21-g8ee294d5-0ubuntu1~18.04.1 running 'init-local' at Wed, 20 Mar 2019 07:04:54 +0000. Up 11.02 seconds.
[[0;32m  OK  [0m] Started Initial cloud-init job (pre-networking).
[[0;32m  OK  [0m] Reached target Network (Pre).
         Starting Network Service...
[[0;32m  OK  [0m] Started Network Service.
         Starting Wait for Network to be Configured...
         Starting Network Name Resolution...
[[0;32m  OK  [0m] Started Network Name Resolution.
[[0;32m  OK  [0m] Reached target Host and Network Name Lookups.
[[0;32m  OK  [0m] Reached target Network.
[[0;32m  OK  [0m] Started Wait for Network to be Configured.
         Starting Initial cloud-init job (metadata service crawler)...
[   13.300176] cloud-init[705]: Cloud-init v. 18.5-21-g8ee294d5-0ubuntu1~18.04.1 running 'init' at Wed, 20 Mar 2019 07:04:56 +0000. Up 13.16 seconds.
[   13.372232] cloud-init[705]: ci-info: ++++++++++++++++++++++++++++++++++++++Net device info+++++++++++++++++++++++++++++++++++++++
[   13.444234] cloud-init[705]: ci-info: +--------+------+-----------------------------+---------------+--------+-------------------+
[[   13.544577] cloud-init[705]: ci-info: | Device |  Up  |           Address           |      Mask     | Scope  |     Hw-Address    |
[   13.544888] cloud-init[705]: ci-info: +--------+------+-----------------------------+---------------+--------+-------------------+
[   13.545400] cloud-init[705]: ci-info: | enp0s3 | True |          10.0.2.15          | 255.255.255.0 | global | 02:c5:de:4e:7c:a4 |
[   13.545947] cloud-init[705]: ci-info: | enp0s3 | True |  fe80::c5:deff:fe4e:7ca4/64 |       .       |  link  | 02:c5:de:4e:7c:a4 |
[   13.546475] cloud-init[705]: ci-info: | enp0s8 | True |        192.168.33.10        | 255.255.255.0 | global | 08:00:27:4f:b9:fa |
[   13.547013] cloud-init[705]: ci-info: | enp0s8 | True | fe80::a00:27ff:fe4f:b9fa/64 |       .       |  link  | 08:00:27:4f:b9:fa |
[   13.547574] cloud-init[705]: ci-info: |   lo   | True |          127.0.0.1          |   255.0.0.0   |  host  |         .         |
[   13.548909] cloud-init[705]: ci-info: |   lo   | True |           ::1/128           |       .       |  host  |         .         |
[   13.549358] cloud-init[705]: ci-info: +--------+------+-----------------------------+---------------+--------+-------------------+
[   13.549777] cloud-init[705]: ci-info: +++++++++++++++++++++++++++++Route IPv4 info+++++++++++++++++++++++++++++
[   13.550347] cloud-init[705]: ci-info: +-------+--------------+----------+-----------------+-----------+-------+
[   13.550923] cloud-init[705]: ci-info: | Route | Destination  | Gateway  |     Genmask     | Interface | Flags |
[   13.551462] cloud-init[705]: ci-info: +-------+--------------+----------+-----------------+-----------+-------+
[   13.552005] cloud-init[705]: ci-info: |   0   |   0.0.0.0    | 10.0.2.2 |     0.0.0.0     |   enp0s3  |   UG  |
[   13.553207] cloud-init[705]: ci-info: |   1   |   10.0.2.0   | 0.0.0.0  |  255.255.255.0  |   enp0s3  |   U   |
[0;32m  OK  [0m[   13.553762] ] cloud-initStarted Initial cloud-init job (metadata service crawler).[705]: 
ci-info: |   2   |   10.0.2.2   | 0.0.0.0  | 255.255.255.255 |   enp0s3  |   UH  |
[   13.553857] cloud-init[705]: ci-info: |   3   | 192.168.33.0 | 0.0.0.0  |  255.255.255.0  |   enp0s8  |   U   |
[   13.889347] cloud-init[705]: ci-info: +-------+--------------+----------+-----------------+-----------+-------+
[[0;32m  OK  [0m[   13.898987] cloud-init[705]: ci-info: +++++++++++++++++++Route IPv6 info+++++++++++++++++++
[   13.899990] cloud-init[705]: ci-info: +-------+-------------+---------+-----------+-------+
[   13.900791] cloud-init[705]: ci-info: | Route | Destination | Gateway | Interface | Flags |
[   13.901166] cloud-init[705]: ci-info: +-------+-------------+---------+-----------+-------+
[   13.901605] cloud-init[705]: ci-info: |   1   |  fe80::/64  |    ::   |   enp0s3  |   U   |
[   13.902385] cloud-init[705]: ci-info: |   2   |  fe80::/64  |    ::   |   enp0s8  |   U   |
[   13.902936] cloud-init[705]: ci-info: |   4   |    local    |    ::   |   enp0s3  |   U   |
[   13.903930] cloud-init[705]: ci-info: |   5   |    local    |    ::   |   enp0s8  |   U   |
[   13.904913] cloud-init[705]: ci-info: |   6   |   ff00::/8  |    ::   |   enp0s3  |   U   |
[   13.905409] cloud-init[705]: ci-info: |   7   |   ff00::/8  |    ::   |   enp0s8  |   U   |
[   13.905935] cloud-init[705]: ci-info: +-------+-------------+---------+-----------+-------+
] Reached target Network is Online.
         Starting Availability of block devices...
[[0;32m  OK  [0m] Reached target Remote File Systems (Pre).
[[0;32m  OK  [0m] Reached target Remote File Systems.
[[0;32m  OK  [0m] Reached target Cloud-config availability.
[[0;32m  OK  [0m] Reached target System Initialization.
[[0;32m  OK  [0m] Listening on UUID daemon activation socket.
[[0;32m  OK  [0m] Started Daily Cleanup of Temporary Directories.
[[0;32m  OK  [0m] Started Message of the Day.
[[0;32m  OK  [0m] Started Daily apt download activities.
         Starting Socket activation for snappy daemon.
[[0;32m  OK  [0m] Started Daily apt upgrade and clean activities.
         Starting LXD - unix socket.
[[0;32m  OK  [0m] Started Discard unused blocks once a week.
[[0;32m  OK  [0m] Reached target Timers.
[[0;32m  OK  [0m] Listening on D-Bus System Message Bus Socket.
[[0;32m  OK  [0m] Listening on ACPID Listen Socket.
[[0;32m  OK  [0m] Started ACPI Events Check.
[[0;32m  OK  [0m] Reached target Paths.
[[0;32m  OK  [0m] Listening on Open-iSCSI iscsid Socket.
[[0;32m  OK  [0m] Started Availability of block devices.
[[0;32m  OK  [0m] Listening on Socket activation for snappy daemon.
[[0;32m  OK  [0m] Listening on LXD - unix socket.
[[0;32m  OK  [0m] Reached target Sockets.
[[0;32m  OK  [0m] Reached target Basic System.
         Starting Dispatcher daemon for systemd-networkd...
         Starting LXD - container startup/shutdown...
         Starting Permit User Sessions...
[[0;32m  OK  [0m] Started Deferred execution scheduler.
         Starting vboxadd.service...
         Starting Accounts Service...
[[0;32m  OK  [0m] Started D-Bus System Message Bus.
         Starting LSB: automatic crash report generation...
         Starting LSB: Record successful boot for GRUB...
         Starting System Logging Service...
         Starting OpenBSD Secure Shell server...
         Starting Login Service...
[[0;32m  OK  [0m] Started Regular background program processing daemon.
[[0;32m  OK  [0m] Started irqbalance daemon.
[[0;32m  OK  [0m] Started FUSE filesystem for LXC.
         Starting Snappy daemon...
[[0;32m  OK  [0m] Started System Logging Service.
[[0;32m  OK  [0m] Started Dispatcher daemon for systemd-networkd.
[[0;32m  OK  [0m] Started LXD - container startup/shutdown.
[[0;32m  OK  [0m] Started Permit User Sessions.
[[0;32m  OK  [0m] Started vboxadd.service.
[[0;32m  OK  [0m] Started OpenBSD Secure Shell server.
[[0;32m  OK  [0m] Started Login Service.
[[0;32m  OK  [0m] Started LSB: automatic crash report generation.
[[0;32m  OK  [0m] Started Snappy daemon.
[[0;32m  OK  [0m] Started LSB: Record successful boot for GRUB.
         Starting Wait until snapd is fully seeded...
[[0;32m  OK  [0m] Started Unattended Upgrades Shutdown.
         Starting Authorization Manager...
         Starting vboxadd-service.service...
         Starting Hold until boot process finishes up...
         Starting Terminate Plymouth Boot Screen...
[[0;32m  OK  [0m] Started Wait until snapd is fully seeded.
[[0;32m  OK  [0m] Started vboxadd-service.service.
[[0;32m  OK  [0m] Started Hold until boot process finishes up.
[[0;32m  OK  [0m] Started Terminate Plymouth Boot Screen.
[[0;32m  OK  [0m] Started Authorization Manager.
[[0;32m  OK  [0m] Started Accounts Service.
[[0;32m  OK  [0m] Started Serial Getty on ttyS0.
         Starting Set console scheme...
         Starting Apply the settings specified in cloud-config...
[[0;32m  OK  [0m] Started Set console scheme.
[[0;32m  OK  [0m] Created slice system-getty.slice.
[[0;32m  OK  [0m] Started Getty on tty1.
[[0;32m  OK  [0m] Reached target Login Prompts.
[[0;32m  OK  [0m] Reached target Multi-User System.
[[0;32m  OK  [0m] Reached target Graphical Interface.
         Starting Update UTMP about System Runlevel Changes...
[[0;32m  OK  [0m] Started Update UTMP about System Runlevel Changes.
[   15.971344] cloud-init[1248]: Cloud-init v. 18.5-21-g8ee294d5-0ubuntu1~18.04.1 running 'modules:config' at Wed, 20 Mar 2019 07:04:58 +0000. Up 15.86 seconds.
[[0;32m  OK  [0m] Started Apply the settings specified in cloud-config.
         Starting Execute cloud user/final scripts...
[   16.530467] cloud-init[1315]: Cloud-init v. 18.5-21-g8ee294d5-0ubuntu1~18.04.1 running 'modules:final' at Wed, 20 Mar 2019 07:04:59 +0000. Up 16.42 seconds.
[[0;32m  OK  [0m] Started Execute cloud user/final scripts.
[   16.627353] cloud-init[1315]:          Starting Daily apt download activities...
[[0;32m  OK  [0m] Reached target Cloud-init target.
Cloud-init v. 18.5-21-g8ee294d5-0ubuntu1~18.04.1 finished at Wed, 20 Mar 2019 07:04:59 +0000. Datasource DataSourceNoCloud [seed=/dev/sdb][dsmode=net].  Up 16.52 seconds

Ubuntu 18.04.2 LTS ubuntu-bionic ttyS0

ubuntu-bionic login: 